  Attack.cpp
C:\Users\조우택\Desktop\할로우 나이트 진행중\Zelda Minish Cap\Zelda Minish Cap\Attack.cpp(144,35): warning C4244: '=': 'ULONGLONG'에서 'DWORD'(으)로 변환하면서 데이터가 손실될 수 있습니다.
C:\Users\조우택\Desktop\할로우 나이트 진행중\Zelda Minish Cap\Zelda Minish Cap\Attack.cpp(153,35): warning C4244: '=': 'ULONGLONG'에서 'DWORD'(으)로 변환하면서 데이터가 손실될 수 있습니다.
C:\Users\조우택\Desktop\할로우 나이트 진행중\Zelda Minish Cap\Zelda Minish Cap\Attack.cpp(162,35): warning C4244: '=': 'ULONGLONG'에서 'DWORD'(으)로 변환하면서 데이터가 손실될 수 있습니다.
  AttackEffect.cpp
  Barrel.cpp
  Bee.cpp
C:\Users\조우택\Desktop\할로우 나이트 진행중\Zelda Minish Cap\Zelda Minish Cap\Bee.cpp(12,88): warning C4244: '초기화 중': 'ULONGLONG'에서 'DWORD'(으)로 변환하면서 데이터가 손실될 수 있습니다.
C:\Users\조우택\Desktop\할로우 나이트 진행중\Zelda Minish Cap\Zelda Minish Cap\Bee.cpp(82,30): warning C4244: '=': 'ULONGLONG'에서 'DWORD'(으)로 변환하면서 데이터가 손실될 수 있습니다.
  Beetle.cpp
  BitMap.cpp
  BmpMgr.cpp
  BossAttack.cpp
  BossTotem.cpp
  BossWall.cpp
  Bug.cpp
  Button.cpp
  CameraComponent.cpp
  CameraMgr.cpp
C:\Users\조우택\Desktop\할로우 나이트 진행중\Zelda Minish Cap\Zelda Minish Cap\CameraMgr.cpp(6,77): warning C4244: '초기화 중': 'ULONGLONG'에서 'DWORD'(으)로 변환하면서 데이터가 손실될 수 있습니다.
C:\Users\조우택\Desktop\할로우 나이트 진행중\Zelda Minish Cap\Zelda Minish Cap\CameraMgr.cpp(53,47): warning C4244: '=': 'ULONGLONG'에서 'DWORD'(으)로 변환하면서 데이터가 손실될 수 있습니다.
C:\Users\조우택\Desktop\할로우 나이트 진행중\Zelda Minish Cap\Zelda Minish Cap\CameraMgr.cpp(223,35): warning C4244: '=': 'float'에서 'LONG'(으)로 변환하면서 데이터가 손실될 수 있습니다.
C:\Users\조우택\Desktop\할로우 나이트 진행중\Zelda Minish Cap\Zelda Minish Cap\CameraMgr.cpp(224,35): warning C4244: '=': 'float'에서 'LONG'(으)로 변환하면서 데이터가 손실될 수 있습니다.
  Character.cpp
  Collision.cpp
C:\Users\조우택\Desktop\할로우 나이트 진행중\Zelda Minish Cap\Zelda Minish Cap\Collision.cpp(79,16): warning C4244: '초기화 중': 'double'에서 'float'(으)로 변환하면서 데이터가 손실될 수 있습니다.
C:\Users\조우택\Desktop\할로우 나이트 진행중\Zelda Minish Cap\Zelda Minish Cap\Collision.cpp(80,17): warning C4244: '초기화 중': 'double'에서 'float'(으)로 변환하면서 데이터가 손실될 수 있습니다.
C:\Users\조우택\Desktop\할로우 나이트 진행중\Zelda Minish Cap\Zelda Minish Cap\Collision.cpp(290,16): warning C4244: '초기화 중': 'double'에서 'float'(으)로 변환하면서 데이터가 손실될 수 있습니다.
C:\Users\조우택\Desktop\할로우 나이트 진행중\Zelda Minish Cap\Zelda Minish Cap\Collision.cpp(291,17): warning C4244: '초기화 중': 'double'에서 'float'(으)로 변환하면서 데이터가 손실될 수 있습니다.
C:\Users\조우택\Desktop\할로우 나이트 진행중\Zelda Minish Cap\Zelda Minish Cap\Collision.cpp(335,18): warning C4244: '초기화 중': 'double'에서 'float'(으)로 변환하면서 데이터가 손실될 수 있습니다.
  Component.cpp
  CSoul.cpp
  DashEffec.cpp
  Death.cpp
  컴파일하고 있습니다...
  Death2.cpp
  Effect.cpp
  FalseKnight.cpp
C:\Users\조우택\Desktop\할로우 나이트 진행중\Zelda Minish Cap\Zelda Minish Cap\FalseKnight.cpp(17,107): warning C4244: '초기화 중': 'ULONGLONG'에서 'DWORD'(으)로 변환하면서 데이터가 손실될 수 있습니다.
C:\Users\조우택\Desktop\할로우 나이트 진행중\Zelda Minish Cap\Zelda Minish Cap\FalseKnight.cpp(19,78): warning C4244: '초기화 중': 'ULONGLONG'에서 'DWORD'(으)로 변환하면서 데이터가 손실될 수 있습니다.
C:\Users\조우택\Desktop\할로우 나이트 진행중\Zelda Minish Cap\Zelda Minish Cap\FalseKnight.cpp(130,30): warning C4244: '=': 'ULONGLONG'에서 'DWORD'(으)로 변환하면서 데이터가 손실될 수 있습니다.
C:\Users\조우택\Desktop\할로우 나이트 진행중\Zelda Minish Cap\Zelda Minish Cap\FalseKnight.cpp(166,16): warning C4244: '=': 'float'에서 'int'(으)로 변환하면서 데이터가 손실될 수 있습니다.
C:\Users\조우택\Desktop\할로우 나이트 진행중\Zelda Minish Cap\Zelda Minish Cap\FalseKnight.cpp(193,45): warning C4244: '인수': 'float'에서 'int'(으)로 변환하면서 데이터가 손실될 수 있습니다.
C:\Users\조우택\Desktop\할로우 나이트 진행중\Zelda Minish Cap\Zelda Minish Cap\FalseKnight.cpp(207,46): warning C4244: '인수': 'float'에서 'int'(으)로 변환하면서 데이터가 손실될 수 있습니다.
C:\Users\조우택\Desktop\할로우 나이트 진행중\Zelda Minish Cap\Zelda Minish Cap\FalseKnight.cpp(946,22): warning C4018: '<': signed 또는 unsigned가 일치하지 않습니다.
C:\Users\조우택\Desktop\할로우 나이트 진행중\Zelda Minish Cap\Zelda Minish Cap\FalseKnight.cpp(956,21): warning C4018: '<': signed 또는 unsigned가 일치하지 않습니다.
  HealEffect.cpp
  Hive.cpp
  HP.cpp
  Husk.cpp
C:\Users\조우택\Desktop\할로우 나이트 진행중\Zelda Minish Cap\Zelda Minish Cap\Husk.cpp(13,92): warning C4244: '초기화 중': 'ULONGLONG'에서 'DWORD'(으)로 변환하면서 데이터가 손실될 수 있습니다.
C:\Users\조우택\Desktop\할로우 나이트 진행중\Zelda Minish Cap\Zelda Minish Cap\Husk.cpp(101,30): warning C4244: '=': 'ULONGLONG'에서 'DWORD'(으)로 변환하면서 데이터가 손실될 수 있습니다.
  KeyMgr.cpp
  Line.cpp
  LineMgr.cpp
C:\Users\조우택\Desktop\할로우 나이트 진행중\Zelda Minish Cap\Zelda Minish Cap\LineMgr.cpp(268,74): warning C4244: '인수': 'LONG'에서 'float'(으)로 변환하면서 데이터가 손실될 수 있습니다.
C:\Users\조우택\Desktop\할로우 나이트 진행중\Zelda Minish Cap\Zelda Minish Cap\LineMgr.cpp(268,60): warning C4244: '인수': 'LONG'에서 'float'(으)로 변환하면서 데이터가 손실될 수 있습니다.
C:\Users\조우택\Desktop\할로우 나이트 진행중\Zelda Minish Cap\Zelda Minish Cap\LineMgr.cpp(268,48): warning C4244: '인수': 'LONG'에서 'float'(으)로 변환하면서 데이터가 손실될 수 있습니다.
C:\Users\조우택\Desktop\할로우 나이트 진행중\Zelda Minish Cap\Zelda Minish Cap\LineMgr.cpp(268,35): warning C4244: '인수': 'LONG'에서 'float'(으)로 변환하면서 데이터가 손실될 수 있습니다.
C:\Users\조우택\Desktop\할로우 나이트 진행중\Zelda Minish Cap\Zelda Minish Cap\LineMgr.cpp(270,72): warning C4244: '인수': 'LONG'에서 'float'(으)로 변환하면서 데이터가 손실될 수 있습니다.
C:\Users\조우택\Desktop\할로우 나이트 진행중\Zelda Minish Cap\Zelda Minish Cap\LineMgr.cpp(270,58): warning C4244: '인수': 'LONG'에서 'float'(으)로 변환하면서 데이터가 손실될 수 있습니다.
C:\Users\조우택\Desktop\할로우 나이트 진행중\Zelda Minish Cap\Zelda Minish Cap\LineMgr.cpp(270,46): warning C4244: '인수': 'LONG'에서 'float'(으)로 변환하면서 데이터가 손실될 수 있습니다.
C:\Users\조우택\Desktop\할로우 나이트 진행중\Zelda Minish Cap\Zelda Minish Cap\LineMgr.cpp(270,32): warning C4244: '인수': 'LONG'에서 'float'(으)로 변환하면서 데이터가 손실될 수 있습니다.
C:\Users\조우택\Desktop\할로우 나이트 진행중\Zelda Minish Cap\Zelda Minish Cap\LineMgr.cpp(272,74): warning C4244: '인수': 'LONG'에서 'float'(으)로 변환하면서 데이터가 손실될 수 있습니다.
C:\Users\조우택\Desktop\할로우 나이트 진행중\Zelda Minish Cap\Zelda Minish Cap\LineMgr.cpp(272,61): warning C4244: '인수': 'LONG'에서 'float'(으)로 변환하면서 데이터가 손실될 수 있습니다.
C:\Users\조우택\Desktop\할로우 나이트 진행중\Zelda Minish Cap\Zelda Minish Cap\LineMgr.cpp(272,46): warning C4244: '인수': 'LONG'에서 'float'(으)로 변환하면서 데이터가 손실될 수 있습니다.
C:\Users\조우택\Desktop\할로우 나이트 진행중\Zelda Minish Cap\Zelda Minish Cap\LineMgr.cpp(272,32): warning C4244: '인수': 'LONG'에서 'float'(으)로 변환하면서 데이터가 손실될 수 있습니다.
C:\Users\조우택\Desktop\할로우 나이트 진행중\Zelda Minish Cap\Zelda Minish Cap\LineMgr.cpp(274,73): warning C4244: '인수': 'LONG'에서 'float'(으)로 변환하면서 데이터가 손실될 수 있습니다.
C:\Users\조우택\Desktop\할로우 나이트 진행중\Zelda Minish Cap\Zelda Minish Cap\LineMgr.cpp(274,60): warning C4244: '인수': 'LONG'에서 'float'(으)로 변환하면서 데이터가 손실될 수 있습니다.
C:\Users\조우택\Desktop\할로우 나이트 진행중\Zelda Minish Cap\Zelda Minish Cap\LineMgr.cpp(274,45): warning C4244: '인수': 'LONG'에서 'float'(으)로 변환하면서 데이터가 손실될 수 있습니다.
C:\Users\조우택\Desktop\할로우 나이트 진행중\Zelda Minish Cap\Zelda Minish Cap\LineMgr.cpp(274,32): warning C4244: '인수': 'LONG'에서 'float'(으)로 변환하면서 데이터가 손실될 수 있습니다.
  MDeathEffet.cpp
  Menu.cpp
  MyEdit.cpp
  NewPlayer.cpp
  NPC.cpp
  NPC1.cpp
  NPC2.cpp
C:\Users\조우택\Desktop\할로우 나이트 진행중\Zelda Minish Cap\Zelda Minish Cap\NPC2.cpp(13,22): warning C4244: '초기화 중': 'ULONGLONG'에서 'DWORD'(으)로 변환하면서 데이터가 손실될 수 있습니다.
  Portal.cpp
  Scene.cpp
C:\Users\조우택\Desktop\할로우 나이트 진행중\Zelda Minish Cap\Zelda Minish Cap\Scene.cpp(3,44): warning C4244: '초기화 중': 'ULONGLONG'에서 'DWORD'(으)로 변환하면서 데이터가 손실될 수 있습니다.
  MainGame.cpp
  컴파일하고 있습니다...
  Obj.cpp
C:\Users\조우택\Desktop\할로우 나이트 진행중\Zelda Minish Cap\Zelda Minish Cap\Obj.cpp(53,36): warning C4244: '=': 'ULONGLONG'에서 'DWORD'(으)로 변환하면서 데이터가 손실될 수 있습니다.
C:\Users\조우택\Desktop\할로우 나이트 진행중\Zelda Minish Cap\Zelda Minish Cap\Obj.cpp(63,34): warning C4244: '=': 'ULONGLONG'에서 'DWORD'(으)로 변환하면서 데이터가 손실될 수 있습니다.
  ObjMgr.cpp
  Player.cpp
C:\Users\조우택\Desktop\할로우 나이트 진행중\Zelda Minish Cap\Zelda Minish Cap\Player.cpp(21,88): warning C4244: '초기화 중': 'ULONGLONG'에서 'DWORD'(으)로 변환하면서 데이터가 손실될 수 있습니다.
C:\Users\조우택\Desktop\할로우 나이트 진행중\Zelda Minish Cap\Zelda Minish Cap\Player.cpp(22,44): warning C4244: '초기화 중': 'ULONGLONG'에서 'DWORD'(으)로 변환하면서 데이터가 손실될 수 있습니다.
C:\Users\조우택\Desktop\할로우 나이트 진행중\Zelda Minish Cap\Zelda Minish Cap\Player.cpp(23,53): warning C4244: '초기화 중': 'ULONGLONG'에서 'DWORD'(으)로 변환하면서 데이터가 손실될 수 있습니다.
C:\Users\조우택\Desktop\할로우 나이트 진행중\Zelda Minish Cap\Zelda Minish Cap\Player.cpp(222,30): warning C4244: '=': 'ULONGLONG'에서 'DWORD'(으)로 변환하면서 데이터가 손실될 수 있습니다.
C:\Users\조우택\Desktop\할로우 나이트 진행중\Zelda Minish Cap\Zelda Minish Cap\Player.cpp(241,33): warning C4244: '=': 'ULONGLONG'에서 'DWORD'(으)로 변환하면서 데이터가 손실될 수 있습니다.
C:\Users\조우택\Desktop\할로우 나이트 진행중\Zelda Minish Cap\Zelda Minish Cap\Player.cpp(1309,23): warning C4018: '<': signed 또는 unsigned가 일치하지 않습니다.
C:\Users\조우택\Desktop\할로우 나이트 진행중\Zelda Minish Cap\Zelda Minish Cap\Player.cpp(1460,21): warning C4552: '-': 식의 결과가 사용되지 않습니다.
  SceneMgr.cpp
  ScrollMgr.cpp
  SkillGetEffect.cpp
C:\Users\조우택\Desktop\할로우 나이트 진행중\Zelda Minish Cap\Zelda Minish Cap\SkillGetEffect.cpp(5,64): warning C4244: '초기화 중': 'ULONGLONG'에서 'DWORD'(으)로 변환하면서 데이터가 손실될 수 있습니다.
  SoulBase.cpp
C:\Users\조우택\Desktop\할로우 나이트 진행중\Zelda Minish Cap\Zelda Minish Cap\SoulBase.cpp(39,34): warning C4244: '=': 'ULONGLONG'에서 'DWORD'(으)로 변환하면서 데이터가 손실될 수 있습니다.
  SoulBullet.cpp
C:\Users\조우택\Desktop\할로우 나이트 진행중\Zelda Minish Cap\Zelda Minish Cap\SoulBullet.cpp(35,34): warning C4244: '=': 'ULONGLONG'에서 'DWORD'(으)로 변환하면서 데이터가 손실될 수 있습니다.
  SoundMgr.cpp
  Stage.cpp
C:\Users\조우택\Desktop\할로우 나이트 진행중\Zelda Minish Cap\Zelda Minish Cap\Stage.cpp(90,31): warning C4244: '=': 'ULONGLONG'에서 'DWORD'(으)로 변환하면서 데이터가 손실될 수 있습니다.
C:\Users\조우택\Desktop\할로우 나이트 진행중\Zelda Minish Cap\Zelda Minish Cap\Stage.cpp(100,75): warning C4244: '인수': 'double'에서 'float'(으)로 변환하면서 데이터가 손실될 수 있습니다.
C:\Users\조우택\Desktop\할로우 나이트 진행중\Zelda Minish Cap\Zelda Minish Cap\Stage.cpp(132,16): warning C4244: '인수': 'float'에서 'int'(으)로 변환하면서 데이터가 손실될 수 있습니다.
C:\Users\조우택\Desktop\할로우 나이트 진행중\Zelda Minish Cap\Zelda Minish Cap\Stage.cpp(131,16): warning C4244: '인수': 'float'에서 'int'(으)로 변환하면서 데이터가 손실될 수 있습니다.
  Stage2.cpp
C:\Users\조우택\Desktop\할로우 나이트 진행중\Zelda Minish Cap\Zelda Minish Cap\Stage2.cpp(106,31): warning C4244: '=': 'ULONGLONG'에서 'DWORD'(으)로 변환하면서 데이터가 손실될 수 있습니다.
C:\Users\조우택\Desktop\할로우 나이트 진행중\Zelda Minish Cap\Zelda Minish Cap\Stage2.cpp(145,16): warning C4244: '인수': 'float'에서 'int'(으)로 변환하면서 데이터가 손실될 수 있습니다.
C:\Users\조우택\Desktop\할로우 나이트 진행중\Zelda Minish Cap\Zelda Minish Cap\Stage2.cpp(144,16): warning C4244: '인수': 'float'에서 'int'(으)로 변환하면서 데이터가 손실될 수 있습니다.
  Stage3.cpp
C:\Users\조우택\Desktop\할로우 나이트 진행중\Zelda Minish Cap\Zelda Minish Cap\Stage3.cpp(71,31): warning C4244: '=': 'ULONGLONG'에서 'DWORD'(으)로 변환하면서 데이터가 손실될 수 있습니다.
C:\Users\조우택\Desktop\할로우 나이트 진행중\Zelda Minish Cap\Zelda Minish Cap\Stage3.cpp(81,75): warning C4244: '인수': 'double'에서 'float'(으)로 변환하면서 데이터가 손실될 수 있습니다.
C:\Users\조우택\Desktop\할로우 나이트 진행중\Zelda Minish Cap\Zelda Minish Cap\Stage3.cpp(102,16): warning C4244: '인수': 'float'에서 'int'(으)로 변환하면서 데이터가 손실될 수 있습니다.
C:\Users\조우택\Desktop\할로우 나이트 진행중\Zelda Minish Cap\Zelda Minish Cap\Stage3.cpp(101,16): warning C4244: '인수': 'float'에서 'int'(으)로 변환하면서 데이터가 손실될 수 있습니다.
  Stage4.cpp
C:\Users\조우택\Desktop\할로우 나이트 진행중\Zelda Minish Cap\Zelda Minish Cap\Stage4.cpp(89,31): warning C4244: '=': 'ULONGLONG'에서 'DWORD'(으)로 변환하면서 데이터가 손실될 수 있습니다.
C:\Users\조우택\Desktop\할로우 나이트 진행중\Zelda Minish Cap\Zelda Minish Cap\Stage4.cpp(99,75): warning C4244: '인수': 'double'에서 'float'(으)로 변환하면서 데이터가 손실될 수 있습니다.
C:\Users\조우택\Desktop\할로우 나이트 진행중\Zelda Minish Cap\Zelda Minish Cap\Stage4.cpp(120,16): warning C4244: '인수': 'float'에서 'int'(으)로 변환하면서 데이터가 손실될 수 있습니다.
C:\Users\조우택\Desktop\할로우 나이트 진행중\Zelda Minish Cap\Zelda Minish Cap\Stage4.cpp(119,16): warning C4244: '인수': 'float'에서 'int'(으)로 변환하면서 데이터가 손실될 수 있습니다.
  Stage5.cpp
C:\Users\조우택\Desktop\할로우 나이트 진행중\Zelda Minish Cap\Zelda Minish Cap\Stage5.cpp(93,31): warning C4244: '=': 'ULONGLONG'에서 'DWORD'(으)로 변환하면서 데이터가 손실될 수 있습니다.
C:\Users\조우택\Desktop\할로우 나이트 진행중\Zelda Minish Cap\Zelda Minish Cap\Stage5.cpp(103,75): warning C4244: '인수': 'double'에서 'float'(으)로 변환하면서 데이터가 손실될 수 있습니다.
C:\Users\조우택\Desktop\할로우 나이트 진행중\Zelda Minish Cap\Zelda Minish Cap\Stage5.cpp(124,16): warning C4244: '인수': 'float'에서 'int'(으)로 변환하면서 데이터가 손실될 수 있습니다.
C:\Users\조우택\Desktop\할로우 나이트 진행중\Zelda Minish Cap\Zelda Minish Cap\Stage5.cpp(123,16): warning C4244: '인수': 'float'에서 'int'(으)로 변환하면서 데이터가 손실될 수 있습니다.
  Stage6.cpp
C:\Users\조우택\Desktop\할로우 나이트 진행중\Zelda Minish Cap\Zelda Minish Cap\Stage6.cpp(91,31): warning C4244: '=': 'ULONGLONG'에서 'DWORD'(으)로 변환하면서 데이터가 손실될 수 있습니다.
C:\Users\조우택\Desktop\할로우 나이트 진행중\Zelda Minish Cap\Zelda Minish Cap\Stage6.cpp(101,75): warning C4244: '인수': 'double'에서 'float'(으)로 변환하면서 데이터가 손실될 수 있습니다.
C:\Users\조우택\Desktop\할로우 나이트 진행중\Zelda Minish Cap\Zelda Minish Cap\Stage6.cpp(122,16): warning C4244: '인수': 'float'에서 'int'(으)로 변환하면서 데이터가 손실될 수 있습니다.
C:\Users\조우택\Desktop\할로우 나이트 진행중\Zelda Minish Cap\Zelda Minish Cap\Stage6.cpp(121,16): warning C4244: '인수': 'float'에서 'int'(으)로 변환하면서 데이터가 손실될 수 있습니다.
  Stage7.cpp
C:\Users\조우택\Desktop\할로우 나이트 진행중\Zelda Minish Cap\Zelda Minish Cap\Stage7.cpp(59,31): warning C4244: '=': 'ULONGLONG'에서 'DWORD'(으)로 변환하면서 데이터가 손실될 수 있습니다.
C:\Users\조우택\Desktop\할로우 나이트 진행중\Zelda Minish Cap\Zelda Minish Cap\Stage7.cpp(90,16): warning C4244: '인수': 'float'에서 'int'(으)로 변환하면서 데이터가 손실될 수 있습니다.
C:\Users\조우택\Desktop\할로우 나이트 진행중\Zelda Minish Cap\Zelda Minish Cap\Stage7.cpp(89,16): warning C4244: '인수': 'float'에서 'int'(으)로 변환하면서 데이터가 손실될 수 있습니다.
  StunEffect.cpp
  StunEffect2.cpp
  Text.cpp
C:\Users\조우택\Desktop\할로우 나이트 진행중\Zelda Minish Cap\Zelda Minish Cap\Text.cpp(69,64): warning C4244: '인수': 'float'에서 'int'(으)로 변환하면서 데이터가 손실될 수 있습니다.
  Tile.cpp
C:\Users\조우택\Desktop\할로우 나이트 진행중\Zelda Minish Cap\Zelda Minish Cap\Tile.cpp(56,17): warning C4244: '인수': 'float'에서 'int'(으)로 변환하면서 데이터가 손실될 수 있습니다.
C:\Users\조우택\Desktop\할로우 나이트 진행중\Zelda Minish Cap\Zelda Minish Cap\Tile.cpp(55,18): warning C4244: '인수': 'float'에서 'int'(으)로 변환하면서 데이터가 손실될 수 있습니다.
C:\Users\조우택\Desktop\할로우 나이트 진행중\Zelda Minish Cap\Zelda Minish Cap\Tile.cpp(66,46): warning C4244: '인수': 'float'에서 'int'(으)로 변환하면서 데이터가 손실될 수 있습니다.
C:\Users\조우택\Desktop\할로우 나이트 진행중\Zelda Minish Cap\Zelda Minish Cap\Tile.cpp(66,19): warning C4244: '인수': 'float'에서 'int'(으)로 변환하면서 데이터가 손실될 수 있습니다.
C:\Users\조우택\Desktop\할로우 나이트 진행중\Zelda Minish Cap\Zelda Minish Cap\Tile.cpp(65,56): warning C4244: '인수': 'float'에서 'int'(으)로 변환하면서 데이터가 손실될 수 있습니다.
C:\Users\조우택\Desktop\할로우 나이트 진행중\Zelda Minish Cap\Zelda Minish Cap\Tile.cpp(65,32): warning C4244: '인수': 'float'에서 'int'(으)로 변환하면서 데이터가 손실될 수 있습니다.
  컴파일하고 있습니다...
  TileMgr.cpp
  UI.cpp
  Wall.cpp
  WaveAttack.cpp
  Zelda Minish Cap.cpp
C:\Users\조우택\Desktop\할로우 나이트 진행중\Zelda Minish Cap\Zelda Minish Cap\Zelda Minish Cap.cpp(51,18): warning C4244: '초기화 중': 'ULONGLONG'에서 'DWORD'(으)로 변환하면서 데이터가 손실될 수 있습니다.
C:\Users\조우택\Desktop\할로우 나이트 진행중\Zelda Minish Cap\Zelda Minish Cap\Zelda Minish Cap.cpp(77,40): warning C4244: '=': 'ULONGLONG'에서 'DWORD'(으)로 변환하면서 데이터가 손실될 수 있습니다.
  코드를 생성하고 있습니다.
  Previous IPDB not found, fall back to full compilation.
  All 1393 functions were compiled because no usable IPDB/IOBJ from previous compilation was found.
  코드를 생성했습니다.
  Zelda Minish Cap.vcxproj -> C:\Users\조우택\Desktop\할로우 나이트 진행중\Zelda Minish Cap\Release\Zelda Minish Cap.exe
